<?xml version="1.0" encoding="UTF-8"?>
<testng-results ignored="0" total="1" passed="1" failed="0" skipped="0">
  <reporter-output>
  </reporter-output>
  <suite started-at="2022-06-24T17:57:15 IST" name="Default suite" finished-at="2022-06-24T17:57:37 IST" duration-ms="21819">
    <groups>
    </groups>
    <test started-at="2022-06-24T17:57:15 IST" name="Default test" finished-at="2022-06-24T17:57:37 IST" duration-ms="21819">
      <class name="firstclass">
        <test-method is-config="true" signature="launch()[pri:0, instance:firstclass@5acf93bb]" started-at="2022-06-24T17:57:15 IST" name="launch" finished-at="2022-06-24T17:57:37 IST" duration-ms="21631" status="PASS">
          <reporter-output>
          </reporter-output>
        </test-method> <!-- launch -->
        <test-method signature="getScreenshots()[pri:0, instance:firstclass@5acf93bb]" started-at="2022-06-24T17:57:37 IST" name="getScreenshots" finished-at="2022-06-24T17:57:37 IST" duration-ms="30" status="PASS">
          <reporter-output>
          </reporter-output>
        </test-method> <!-- getScreenshots -->
      </class> <!-- firstclass -->
    </test> <!-- Default test -->
  </suite> <!-- Default suite -->
</testng-results>
